0 info it worked if it ends with ok
1 verbose cli [ '/usr/local/bin/node', '/usr/local/bin/npm', 'run', 'deploy' ]
2 info using npm@3.10.9
3 info using node@v6.9.2
4 verbose run-script [ 'predeploy', 'deploy', 'postdeploy' ]
5 info lifecycle mitchgavan@~predeploy: mitchgavan@
6 silly lifecycle mitchgavan@~predeploy: no script for predeploy, continuing
7 info lifecycle mitchgavan@~deploy: mitchgavan@
8 verbose lifecycle mitchgavan@~deploy: unsafe-perm in lifecycle true
9 verbose lifecycle mitchgavan@~deploy: PATH: /usr/local/lib/node_modules/npm/bin/node-gyp-bin:/Users/mitchgava/Projects/mitchgavan.github.io/node_modules/.bin:/usr/local/bin:/usr/bin:/bin:/usr/sbin:/sbin
10 verbose lifecycle mitchgavan@~deploy: CWD: /Users/mitchgava/Projects/mitchgavan.github.io
11 silly lifecycle mitchgavan@~deploy: Args: [ '-c', 'grunt build && cd site && now' ]
12 silly lifecycle mitchgavan@~deploy: Returned: code: 1  signal: null
13 info lifecycle mitchgavan@~deploy: Failed to exec deploy script
14 verbose stack Error: mitchgavan@ deploy: `grunt build && cd site && now`
14 verbose stack Exit status 1
14 verbose stack     at EventEmitter.<anonymous> (/usr/local/lib/node_modules/npm/lib/utils/lifecycle.js:255:16)
14 verbose stack     at emitTwo (events.js:106:13)
14 verbose stack     at EventEmitter.emit (events.js:191:7)
14 verbose stack     at ChildProcess.<anonymous> (/usr/local/lib/node_modules/npm/lib/utils/spawn.js:40:14)
14 verbose stack     at emitTwo (events.js:106:13)
14 verbose stack     at ChildProcess.emit (events.js:191:7)
14 verbose stack     at maybeClose (internal/child_process.js:877:16)
14 verbose stack     at Process.ChildProcess._handle.onexit (internal/child_process.js:226:5)
15 verbose pkgid mitchgavan@
16 verbose cwd /Users/mitchgava/Projects/mitchgavan.github.io
17 error Darwin 16.5.0
18 error argv "/usr/local/bin/node" "/usr/local/bin/npm" "run" "deploy"
19 error node v6.9.2
20 error npm  v3.10.9
21 error code ELIFECYCLE
22 error mitchgavan@ deploy: `grunt build && cd site && now`
22 error Exit status 1
23 error Failed at the mitchgavan@ deploy script 'grunt build && cd site && now'.
23 error Make sure you have the latest version of node.js and npm installed.
23 error If you do, this is most likely a problem with the mitchgavan package,
23 error not with npm itself.
23 error Tell the author that this fails on your system:
23 error     grunt build && cd site && now
23 error You can get information on how to open an issue for this project with:
23 error     npm bugs mitchgavan
23 error Or if that isn't available, you can get their info via:
23 error     npm owner ls mitchgavan
23 error There is likely additional logging output above.
24 verbose exit [ 1, true ]
